<?xml version="1.0" encoding="UTF-8"?>
<testsuite xmlns:xsi="http://www.w3.org/2001/XMLSchema-instance" xsi:noNamespaceSchemaLocation="https://maven.apache.org/surefire/maven-surefire-plugin/xsd/surefire-test-report.xsd" name="com.learning.ultils.FileUtilsTest" time="0.001" tests="1" errors="0" skipped="0" failures="0">
  <properties>
    <property name="sun.desktop" value="windows"/>
    <property name="awt.toolkit" value="sun.awt.windows.WToolkit"/>
    <property name="java.specification.version" value="11"/>
    <property name="sun.cpu.isalist" value="amd64"/>
    <property name="sun.jnu.encoding" value="Cp1252"/>
    <property name="java.class.path" value="D:\learning\kotlin\kotlin-data-class\target\test-classes;D:\learning\kotlin\kotlin-data-class\target\classes;C:\Users\Admin\.m2\repository\org\jetbrains\kotlin\kotlin-stdlib\1.6.10\kotlin-stdlib-1.6.10.jar;C:\Users\Admin\.m2\repository\org\jetbrains\annotations\13.0\annotations-13.0.jar;C:\Users\Admin\.m2\repository\org\jetbrains\kotlin\kotlin-stdlib-common\1.6.10\kotlin-stdlib-common-1.6.10.jar;C:\Users\Admin\.m2\repository\org\jetbrains\kotlin\kotlin-test-junit5\1.6.10\kotlin-test-junit5-1.6.10.jar;C:\Users\Admin\.m2\repository\org\jetbrains\kotlin\kotlin-test\1.6.10\kotlin-test-1.6.10.jar;C:\Users\Admin\.m2\repository\org\junit\jupiter\junit-jupiter-api\5.6.0\junit-jupiter-api-5.6.0.jar;C:\Users\Admin\.m2\repository\org\opentest4j\opentest4j\1.2.0\opentest4j-1.2.0.jar;C:\Users\Admin\.m2\repository\org\junit\platform\junit-platform-commons\1.6.0\junit-platform-commons-1.6.0.jar;C:\Users\Admin\.m2\repository\org\junit\jupiter\junit-jupiter-engine\5.6.0\junit-jupiter-engine-5.6.0.jar;C:\Users\Admin\.m2\repository\org\apiguardian\apiguardian-api\1.1.0\apiguardian-api-1.1.0.jar;C:\Users\Admin\.m2\repository\org\junit\platform\junit-platform-engine\1.6.0\junit-platform-engine-1.6.0.jar;C:\Users\Admin\.m2\repository\io\kotest\kotest-assertions-jvm\4.0.7\kotest-assertions-jvm-4.0.7.jar;C:\Users\Admin\.m2\repository\org\jetbrains\kotlin\kotlin-stdlib-jdk8\1.3.71\kotlin-stdlib-jdk8-1.3.71.jar;C:\Users\Admin\.m2\repository\org\jetbrains\kotlin\kotlin-stdlib-jdk7\1.3.71\kotlin-stdlib-jdk7-1.3.71.jar;C:\Users\Admin\.m2\repository\org\jetbrains\kotlin\kotlin-reflect\1.3.71\kotlin-reflect-1.3.71.jar;C:\Users\Admin\.m2\repository\org\jetbrains\kotlinx\kotlinx-coroutines-core\1.3.5\kotlinx-coroutines-core-1.3.5.jar;C:\Users\Admin\.m2\repository\org\jetbrains\kotlinx\kotlinx-coroutines-jdk8\1.3.5\kotlinx-coroutines-jdk8-1.3.5.jar;C:\Users\Admin\.m2\repository\com\github\wumpz\diffutils\2.2\diffutils-2.2.jar;C:\Users\Admin\.m2\repository\org\eclipse\jgit\org.eclipse.jgit\4.4.1.201607150455-r\org.eclipse.jgit-4.4.1.201607150455-r.jar;C:\Users\Admin\.m2\repository\com\univocity\univocity-parsers\2.8.4\univocity-parsers-2.8.4.jar;C:\Users\Admin\.m2\repository\com\github\mifmif\generex\1.0.2\generex-1.0.2.jar;C:\Users\Admin\.m2\repository\dk\brics\automaton\automaton\1.11-8\automaton-1.11-8.jar;C:\Users\Admin\.m2\repository\org\jetbrains\kotlinx\kotlinx-coroutines-core-common\1.3.5\kotlinx-coroutines-core-common-1.3.5.jar;C:\Users\Admin\.m2\repository\io\kotest\kotest-mpp-jvm\4.0.7\kotest-mpp-jvm-4.0.7.jar;C:\Users\Admin\.m2\repository\io\kotest\kotest-fp-jvm\4.0.7\kotest-fp-jvm-4.0.7.jar;C:\Users\Admin\.m2\repository\io\mockk\mockk\1.12.2\mockk-1.12.2.jar;C:\Users\Admin\.m2\repository\io\mockk\mockk-dsl-jvm\1.12.2\mockk-dsl-jvm-1.12.2.jar;C:\Users\Admin\.m2\repository\io\mockk\mockk-dsl\1.12.2\mockk-dsl-1.12.2.jar;C:\Users\Admin\.m2\repository\io\mockk\mockk-common\1.12.2\mockk-common-1.12.2.jar;C:\Users\Admin\.m2\repository\io\mockk\mockk-agent-jvm\1.12.2\mockk-agent-jvm-1.12.2.jar;C:\Users\Admin\.m2\repository\io\mockk\mockk-agent-api\1.12.2\mockk-agent-api-1.12.2.jar;C:\Users\Admin\.m2\repository\io\mockk\mockk-agent-common\1.12.2\mockk-agent-common-1.12.2.jar;C:\Users\Admin\.m2\repository\org\objenesis\objenesis\3.1\objenesis-3.1.jar;C:\Users\Admin\.m2\repository\net\bytebuddy\byte-buddy\1.12.5\byte-buddy-1.12.5.jar;C:\Users\Admin\.m2\repository\net\bytebuddy\byte-buddy-agent\1.12.5\byte-buddy-agent-1.12.5.jar;C:\Users\Admin\.m2\repository\com\google\code\gson\gson\2.8.5\gson-2.8.5.jar;"/>
    <property name="java.vm.vendor" value="Oracle Corporation"/>
    <property name="sun.arch.data.model" value="64"/>
    <property name="user.variant" value=""/>
    <property name="java.vendor.url" value="http://java.oracle.com/"/>
    <property name="user.timezone" value="Asia/Bangkok"/>
    <property name="user.country.format" value="001"/>
    <property name="java.vm.specification.version" value="11"/>
    <property name="os.name" value="Windows 10"/>
    <property name="sun.java.launcher" value="SUN_STANDARD"/>
    <property name="user.country" value="US"/>
    <property name="sun.boot.library.path" value="C:\Program Files\Java\jdk-11.0.2\bin"/>
    <property name="sun.java.command" value="C:\Users\Admin\AppData\Local\Temp\surefire9120271711684687796\surefirebooter1209633736255118302.jar C:\Users\Admin\AppData\Local\Temp\surefire9120271711684687796 2022-02-24T11-01-19_620-jvmRun1 surefire18031398138715963100tmp surefire_018389608998164891018tmp"/>
    <property name="jdk.debug" value="release"/>
    <property name="surefire.test.class.path" value="D:\learning\kotlin\kotlin-data-class\target\test-classes;D:\learning\kotlin\kotlin-data-class\target\classes;C:\Users\Admin\.m2\repository\org\jetbrains\kotlin\kotlin-stdlib\1.6.10\kotlin-stdlib-1.6.10.jar;C:\Users\Admin\.m2\repository\org\jetbrains\annotations\13.0\annotations-13.0.jar;C:\Users\Admin\.m2\repository\org\jetbrains\kotlin\kotlin-stdlib-common\1.6.10\kotlin-stdlib-common-1.6.10.jar;C:\Users\Admin\.m2\repository\org\jetbrains\kotlin\kotlin-test-junit5\1.6.10\kotlin-test-junit5-1.6.10.jar;C:\Users\Admin\.m2\repository\org\jetbrains\kotlin\kotlin-test\1.6.10\kotlin-test-1.6.10.jar;C:\Users\Admin\.m2\repository\org\junit\jupiter\junit-jupiter-api\5.6.0\junit-jupiter-api-5.6.0.jar;C:\Users\Admin\.m2\repository\org\opentest4j\opentest4j\1.2.0\opentest4j-1.2.0.jar;C:\Users\Admin\.m2\repository\org\junit\platform\junit-platform-commons\1.6.0\junit-platform-commons-1.6.0.jar;C:\Users\Admin\.m2\repository\org\junit\jupiter\junit-jupiter-engine\5.6.0\junit-jupiter-engine-5.6.0.jar;C:\Users\Admin\.m2\repository\org\apiguardian\apiguardian-api\1.1.0\apiguardian-api-1.1.0.jar;C:\Users\Admin\.m2\repository\org\junit\platform\junit-platform-engine\1.6.0\junit-platform-engine-1.6.0.jar;C:\Users\Admin\.m2\repository\io\kotest\kotest-assertions-jvm\4.0.7\kotest-assertions-jvm-4.0.7.jar;C:\Users\Admin\.m2\repository\org\jetbrains\kotlin\kotlin-stdlib-jdk8\1.3.71\kotlin-stdlib-jdk8-1.3.71.jar;C:\Users\Admin\.m2\repository\org\jetbrains\kotlin\kotlin-stdlib-jdk7\1.3.71\kotlin-stdlib-jdk7-1.3.71.jar;C:\Users\Admin\.m2\repository\org\jetbrains\kotlin\kotlin-reflect\1.3.71\kotlin-reflect-1.3.71.jar;C:\Users\Admin\.m2\repository\org\jetbrains\kotlinx\kotlinx-coroutines-core\1.3.5\kotlinx-coroutines-core-1.3.5.jar;C:\Users\Admin\.m2\repository\org\jetbrains\kotlinx\kotlinx-coroutines-jdk8\1.3.5\kotlinx-coroutines-jdk8-1.3.5.jar;C:\Users\Admin\.m2\repository\com\github\wumpz\diffutils\2.2\diffutils-2.2.jar;C:\Users\Admin\.m2\repository\org\eclipse\jgit\org.eclipse.jgit\4.4.1.201607150455-r\org.eclipse.jgit-4.4.1.201607150455-r.jar;C:\Users\Admin\.m2\repository\com\univocity\univocity-parsers\2.8.4\univocity-parsers-2.8.4.jar;C:\Users\Admin\.m2\repository\com\github\mifmif\generex\1.0.2\generex-1.0.2.jar;C:\Users\Admin\.m2\repository\dk\brics\automaton\automaton\1.11-8\automaton-1.11-8.jar;C:\Users\Admin\.m2\repository\org\jetbrains\kotlinx\kotlinx-coroutines-core-common\1.3.5\kotlinx-coroutines-core-common-1.3.5.jar;C:\Users\Admin\.m2\repository\io\kotest\kotest-mpp-jvm\4.0.7\kotest-mpp-jvm-4.0.7.jar;C:\Users\Admin\.m2\repository\io\kotest\kotest-fp-jvm\4.0.7\kotest-fp-jvm-4.0.7.jar;C:\Users\Admin\.m2\repository\io\mockk\mockk\1.12.2\mockk-1.12.2.jar;C:\Users\Admin\.m2\repository\io\mockk\mockk-dsl-jvm\1.12.2\mockk-dsl-jvm-1.12.2.jar;C:\Users\Admin\.m2\repository\io\mockk\mockk-dsl\1.12.2\mockk-dsl-1.12.2.jar;C:\Users\Admin\.m2\repository\io\mockk\mockk-common\1.12.2\mockk-common-1.12.2.jar;C:\Users\Admin\.m2\repository\io\mockk\mockk-agent-jvm\1.12.2\mockk-agent-jvm-1.12.2.jar;C:\Users\Admin\.m2\repository\io\mockk\mockk-agent-api\1.12.2\mockk-agent-api-1.12.2.jar;C:\Users\Admin\.m2\repository\io\mockk\mockk-agent-common\1.12.2\mockk-agent-common-1.12.2.jar;C:\Users\Admin\.m2\repository\org\objenesis\objenesis\3.1\objenesis-3.1.jar;C:\Users\Admin\.m2\repository\net\bytebuddy\byte-buddy\1.12.5\byte-buddy-1.12.5.jar;C:\Users\Admin\.m2\repository\net\bytebuddy\byte-buddy-agent\1.12.5\byte-buddy-agent-1.12.5.jar;C:\Users\Admin\.m2\repository\com\google\code\gson\gson\2.8.5\gson-2.8.5.jar;"/>
    <property name="sun.cpu.endian" value="little"/>
    <property name="user.home" value="C:\Users\Admin"/>
    <property name="user.language" value="en"/>
    <property name="java.specification.vendor" value="Oracle Corporation"/>
    <property name="java.version.date" value="2019-01-15"/>
    <property name="java.home" value="C:\Program Files\Java\jdk-11.0.2"/>
    <property name="file.separator" value="\"/>
    <property name="basedir" value="D:\learning\kotlin\kotlin-data-class"/>
    <property name="java.vm.compressedOopsMode" value="Zero based"/>
    <property name="line.separator" value="&#10;"/>
    <property name="java.specification.name" value="Java Platform API Specification"/>
    <property name="java.vm.specification.vendor" value="Oracle Corporation"/>
    <property name="java.awt.graphicsenv" value="sun.awt.Win32GraphicsEnvironment"/>
    <property name="surefire.real.class.path" value="C:\Users\Admin\AppData\Local\Temp\surefire9120271711684687796\surefirebooter1209633736255118302.jar"/>
    <property name="user.script" value=""/>
    <property name="sun.management.compiler" value="HotSpot 64-Bit Tiered Compilers"/>
    <property name="java.runtime.version" value="11.0.2+9"/>
    <property name="user.name" value="Admin"/>
    <property name="path.separator" value=";"/>
    <property name="os.version" value="10.0"/>
    <property name="java.runtime.name" value="OpenJDK Runtime Environment"/>
    <property name="file.encoding" value="Cp1252"/>
    <property name="java.vm.name" value="OpenJDK 64-Bit Server VM"/>
    <property name="java.vendor.version" value="18.9"/>
    <property name="localRepository" value="C:\Users\Admin\.m2\repository"/>
    <property name="java.vendor.url.bug" value="http://bugreport.java.com/bugreport/"/>
    <property name="java.io.tmpdir" value="C:\Users\Admin\AppData\Local\Temp\"/>
    <property name="java.version" value="11.0.2"/>
    <property name="user.dir" value="D:\learning\kotlin\kotlin-data-class"/>
    <property name="os.arch" value="amd64"/>
    <property name="java.vm.specification.name" value="Java Virtual Machine Specification"/>
    <property name="java.awt.printerjob" value="sun.awt.windows.WPrinterJob"/>
    <property name="sun.os.patch.level" value=""/>
    <property name="java.library.path" value="C:\Program Files\Java\jdk-11.0.2\bin;C:\WINDOWS\Sun\Java\bin;C:\WINDOWS\system32;C:\WINDOWS;C:\WINDOWS\system32;C:\WINDOWS;C:\WINDOWS\System32\Wbem;C:\WINDOWS\System32\WindowsPowerShell\v1.0\;C:\WINDOWS\System32\OpenSSH\;C:\Program Files\Java\jdk-11.0.2\bin;C:\apache-maven-3.8.1\bin;C:\Program Files\Git\cmd;C:\Program Files\nodejs\;C:\Users\Admin\AppData\Local\Microsoft\WindowsApps;;C:\Users\Admin\AppData\Local\Programs\Microsoft VS Code\bin;C:\Users\Admin\AppData\Roaming\npm;."/>
    <property name="java.vendor" value="Oracle Corporation"/>
    <property name="java.vm.info" value="mixed mode"/>
    <property name="java.vm.version" value="11.0.2+9"/>
    <property name="sun.io.unicode.encoding" value="UnicodeLittle"/>
    <property name="java.class.version" value="55.0"/>
  </properties>
  <testcase name="read somefile DOT json SHOULD BE return &quot;abc1, def&quot;" classname="com.learning.ultils.FileUtilsTest" time="0"/>
</testsuite>